[0m17:51:22.021292 [debug] [MainThread]: Sending event: {'category': 'dbt', 'action': 'invocation', 'label': 'start', 'context': [<snowplow_tracker.self_describing_json.SelfDescribingJson object at 0x000001B463F89E10>, <snowplow_tracker.self_describing_json.SelfDescribingJson object at 0x000001B4651F6A90>, <snowplow_tracker.self_describing_json.SelfDescribingJson object at 0x000001B465256650>]}


============================== 17:51:22.041452 | 1c598ffb-d079-4e4f-9fea-71d6977392e8 ==============================
[0m17:51:22.041452 [info ] [MainThread]: Running with dbt=1.11.6
[0m17:51:22.042453 [debug] [MainThread]: running dbt with arguments {'static_parser': 'True', 'no_print': 'None', 'version_check': 'True', 'target_path': 'None', 'warn_error_options': 'WarnErrorOptionsV2(error=[], warn=[], silence=[])', 'printer_width': '80', 'write_json': 'True', 'introspect': 'True', 'log_cache_events': 'False', 'empty': 'None', 'cache_selected_only': 'False', 'fail_fast': 'False', 'debug': 'False', 'log_format': 'default', 'profiles_dir': 'C:\\Users\\gusta\\.dbt', 'send_anonymous_usage_stats': 'True', 'quiet': 'False', 'warn_error': 'None', 'partial_parse': 'True', 'use_colors': 'True', 'indirect_selection': 'eager', 'invocation_command': 'dbt init taxi_nyc', 'use_experimental_parser': 'False', 'log_path': 'logs'}
[0m17:51:22.348734 [debug] [MainThread]: Starter project path: C:\Users\gusta\OneDrive\Área de Trabalho\dbt_taxi_nyc\venv\Lib\site-packages\dbt\include\starter_project
[0m17:51:22.488692 [info ] [MainThread]: 
Your new dbt project "taxi_nyc" was created!

For more information on how to configure the profiles.yml file,
please consult the dbt documentation here:

  https://docs.getdbt.com/docs/configure-your-profile

One more thing:

Need help? Don't hesitate to reach out to us via GitHub issues or on Slack:

  https://community.getdbt.com/

Happy modeling!

[0m17:51:22.489699 [info ] [MainThread]: Setting up your profile.
[0m17:52:31.699157 [debug] [MainThread]: Spark adapter: Setting pyhive.hive logging to ERROR
[0m17:52:31.702421 [debug] [MainThread]: Spark adapter: Setting thrift.transport logging to ERROR
[0m17:52:31.704507 [debug] [MainThread]: Spark adapter: Setting thrift.protocol logging to ERROR
[0m17:52:53.885932 [error] [MainThread]: Encountered an error:
list index out of range
[0m17:52:53.893498 [error] [MainThread]: Traceback (most recent call last):
  File "C:\Users\gusta\OneDrive\Área de Trabalho\dbt_taxi_nyc\venv\Lib\site-packages\dbt\cli\requires.py", line 182, in wrapper
    result, success = func(*args, **kwargs)
                      ^^^^^^^^^^^^^^^^^^^^^
  File "C:\Users\gusta\OneDrive\Área de Trabalho\dbt_taxi_nyc\venv\Lib\site-packages\dbt\cli\requires.py", line 128, in wrapper
    return func(*args, **kwargs)
           ^^^^^^^^^^^^^^^^^^^^^
  File "C:\Users\gusta\OneDrive\Área de Trabalho\dbt_taxi_nyc\venv\Lib\site-packages\dbt\cli\main.py", line 483, in init
    results = task.run()
              ^^^^^^^^^^
  File "C:\Users\gusta\OneDrive\Área de Trabalho\dbt_taxi_nyc\venv\Lib\site-packages\dbt\task\init.py", line 346, in run
    self.setup_profile(profile_name)
  File "C:\Users\gusta\OneDrive\Área de Trabalho\dbt_taxi_nyc\venv\Lib\site-packages\dbt\task\init.py", line 262, in setup_profile
    self.create_profile_from_target(adapter, profile_name=profile_name)
  File "C:\Users\gusta\OneDrive\Área de Trabalho\dbt_taxi_nyc\venv\Lib\site-packages\dbt\task\init.py", line 179, in create_profile_from_target
    self.create_profile_from_profile_template(profile_template, profile_name)
  File "C:\Users\gusta\OneDrive\Área de Trabalho\dbt_taxi_nyc\venv\Lib\site-packages\dbt\task\init.py", line 163, in create_profile_from_profile_template
    target = self.generate_target_from_input(prompts, initial_target)
             ^^^^^^^^^^^^^^^^^^^^^^^^^^^^^^^^^^^^^^^^^^^^^^^^^^^^^^^^
  File "C:\Users\gusta\OneDrive\Área de Trabalho\dbt_taxi_nyc\venv\Lib\site-packages\dbt\task\init.py", line 114, in generate_target_from_input
    choice = option_list[numeric_choice - 1]
             ~~~~~~~~~~~^^^^^^^^^^^^^^^^^^^^
IndexError: list index out of range

[0m17:52:53.897024 [debug] [MainThread]: Command `dbt init` failed at 17:52:53.896012 after 92.16 seconds
[0m17:52:53.898022 [debug] [MainThread]: Sending event: {'category': 'dbt', 'action': 'invocation', 'label': 'end', 'context': [<snowplow_tracker.self_describing_json.SelfDescribingJson object at 0x000001B465255FD0>, <snowplow_tracker.self_describing_json.SelfDescribingJson object at 0x000001B465256710>, <snowplow_tracker.self_describing_json.SelfDescribingJson object at 0x000001B475EE2450>]}
[0m17:52:53.899528 [debug] [MainThread]: Flushing usage events
[0m17:52:55.164163 [debug] [MainThread]: An error was encountered while trying to flush usage events
